<?xml version="1.0" encoding="UTF-8"?>
<!-- Generated by org.testng.reporters.JUnitXMLReporter -->
<testsuite ignored="0" hostname="DESKTOP-2A7S6QF" failures="0" tests="3" name="Test" time="3.229" errors="0" timestamp="2024-01-05T13:52:30 EST">
  <testcase classname="com.cicd_test_auto_proj_1.demo1.TestClass1" name="Test1" time="1.5"/>
  <testcase classname="com.cicd_test_auto_proj_1.demo1.TestClass1" name="Test2" time="0.001"/>
  <testcase classname="com.cicd_test_auto_proj_1.demo1.TestClass1" name="Test3" time="0.002"/>
</testsuite> <!-- Test -->
