<?xml version="1.0" encoding="UTF-8"?>
<!-- Generated by org.testng.reporters.JUnitXMLReporter -->
<testsuite ignored="0" hostname="DESKTOP-2A7S6QF" failures="0" tests="3" name="Test" time="5.605" errors="0" timestamp="05 Jan 2024 16:51:06 GMT">
  <testcase classname="com.cicd_test_auto_proj_1.demo1.TestClass1" name="Test1" time="1.26"/>
  <testcase classname="com.cicd_test_auto_proj_1.demo1.TestClass1" name="Test2" time="0.002"/>
  <testcase classname="com.cicd_test_auto_proj_1.demo1.TestClass1" name="Test3" time="0.001"/>
</testsuite> <!-- Test -->
