<?xml version="1.0" encoding="UTF-8"?>
<testng-results ignored="0" total="3" passed="3" failed="0" skipped="0">
  <reporter-output>
  </reporter-output>
  <suite started-at="2024-01-05T13:52:27 EST" name="Suite" finished-at="2024-01-05T13:52:30 EST" duration-ms="3229">
    <groups>
    </groups>
    <test started-at="2024-01-05T13:52:27 EST" name="Test" finished-at="2024-01-05T13:52:30 EST" duration-ms="3229">
      <class name="com.cicd_test_auto_proj_1.demo1.TestClass1">
        <test-method is-config="true" signature="launchDriver()[pri:0, instance:com.cicd_test_auto_proj_1.demo1.TestClass1@76ed1b7c]" started-at="2024-01-05T13:52:27 EST" name="launchDriver" finished-at="2024-01-05T13:52:29 EST" duration-ms="1521" status="PASS">
          <reporter-output>
          </reporter-output>
        </test-method> <!-- launchDriver -->
        <test-method signature="Test1()[pri:0, instance:com.cicd_test_auto_proj_1.demo1.TestClass1@76ed1b7c]" started-at="2024-01-05T13:52:29 EST" name="Test1" finished-at="2024-01-05T13:52:30 EST" duration-ms="1500" status="PASS">
          <reporter-output>
          </reporter-output>
        </test-method> <!-- Test1 -->
        <test-method signature="Test2()[pri:0, instance:com.cicd_test_auto_proj_1.demo1.TestClass1@76ed1b7c]" started-at="2024-01-05T13:52:30 EST" name="Test2" finished-at="2024-01-05T13:52:30 EST" duration-ms="1" status="PASS">
          <reporter-output>
          </reporter-output>
        </test-method> <!-- Test2 -->
        <test-method signature="Test3()[pri:0, instance:com.cicd_test_auto_proj_1.demo1.TestClass1@76ed1b7c]" started-at="2024-01-05T13:52:30 EST" name="Test3" finished-at="2024-01-05T13:52:30 EST" duration-ms="2" status="PASS">
          <reporter-output>
          </reporter-output>
        </test-method> <!-- Test3 -->
        <test-method is-config="true" signature="quitDriver()[pri:0, instance:com.cicd_test_auto_proj_1.demo1.TestClass1@76ed1b7c]" started-at="2024-01-05T13:52:30 EST" name="quitDriver" finished-at="2024-01-05T13:52:30 EST" duration-ms="151" status="PASS">
          <reporter-output>
          </reporter-output>
        </test-method> <!-- quitDriver -->
      </class> <!-- com.cicd_test_auto_proj_1.demo1.TestClass1 -->
    </test> <!-- Test -->
  </suite> <!-- Suite -->
</testng-results>
