<?xml version="1.0" encoding="UTF-8"?>
<testng-results skipped="0" failed="0" ignored="0" total="3" passed="3">
  <reporter-output>
  </reporter-output>
  <suite name="Suite" duration-ms="4313" started-at="2023-04-06T19:21:57Z" finished-at="2023-04-06T19:22:01Z">
    <groups>
    </groups>
    <test name="Test" duration-ms="4313" started-at="2023-04-06T19:21:57Z" finished-at="2023-04-06T19:22:01Z">
      <class name="com.cicd_test_auto_proj_1.demo1.TestClass1">
        <test-method status="PASS" signature="launchDriver()[pri:0, instance:com.cicd_test_auto_proj_1.demo1.TestClass1@31304f14]" name="launchDriver" is-config="true" duration-ms="1755" started-at="2023-04-06T19:21:57Z" finished-at="2023-04-06T19:21:59Z">
          <reporter-output>
          </reporter-output>
        </test-method> <!-- launchDriver -->
        <test-method status="PASS" signature="Test1()[pri:0, instance:com.cicd_test_auto_proj_1.demo1.TestClass1@31304f14]" name="Test1" duration-ms="1460" started-at="2023-04-06T19:21:59Z" finished-at="2023-04-06T19:22:00Z">
          <reporter-output>
          </reporter-output>
        </test-method> <!-- Test1 -->
        <test-method status="PASS" signature="Test2()[pri:0, instance:com.cicd_test_auto_proj_1.demo1.TestClass1@31304f14]" name="Test2" duration-ms="1" started-at="2023-04-06T19:22:00Z" finished-at="2023-04-06T19:22:00Z">
          <reporter-output>
          </reporter-output>
        </test-method> <!-- Test2 -->
        <test-method status="PASS" signature="Test3()[pri:0, instance:com.cicd_test_auto_proj_1.demo1.TestClass1@31304f14]" name="Test3" duration-ms="1" started-at="2023-04-06T19:22:00Z" finished-at="2023-04-06T19:22:00Z">
          <reporter-output>
          </reporter-output>
        </test-method> <!-- Test3 -->
        <test-method status="PASS" signature="quitDriver()[pri:0, instance:com.cicd_test_auto_proj_1.demo1.TestClass1@31304f14]" name="quitDriver" is-config="true" duration-ms="1066" started-at="2023-04-06T19:22:00Z" finished-at="2023-04-06T19:22:01Z">
          <reporter-output>
          </reporter-output>
        </test-method> <!-- quitDriver -->
      </class> <!-- com.cicd_test_auto_proj_1.demo1.TestClass1 -->
    </test> <!-- Test -->
  </suite> <!-- Suite -->
</testng-results>
